<?xml version="1.0" encoding="UTF-8"?>
<testng-results ignored="0" total="1" passed="1" failed="0" skipped="0">
  <reporter-output>
  </reporter-output>
  <suite started-at="2024-03-22T10:12:46 IST" name="Default suite" finished-at="2024-03-22T10:12:58 IST" duration-ms="12063">
    <groups>
    </groups>
    <test started-at="2024-03-22T10:12:46 IST" name="Default test" finished-at="2024-03-22T10:12:58 IST" duration-ms="12063">
      <class name="basic.OrganizationTest">
        <test-method signature="CreateOrganizationTest()[pri:0, instance:basic.OrganizationTest@59af0466]" started-at="2024-03-22T10:12:46 IST" name="CreateOrganizationTest" finished-at="2024-03-22T10:12:58 IST" duration-ms="12026" status="PASS">
          <reporter-output>
          </reporter-output>
        </test-method> <!-- CreateOrganizationTest -->
      </class> <!-- basic.OrganizationTest -->
    </test> <!-- Default test -->
  </suite> <!-- Default suite -->
</testng-results>
